<?xml version="1.0" encoding="UTF-8"?>
<testsuite name="AnaliticTest"
           tests="4"
           failures="0"
           errors="0"
           skipped="0"
           time="31.431">
  <properties />
  
  
            <testcase name="publishPageTest" time="4.313" classname="regressionSuit.fpspm130_AnaliticTest" />
                <testcase name="authorizationAnaliticTest" time="14.424" classname="regressionSuit.fpspm130_AnaliticTest" />
                <testcase name="mainPageTest" time="7.066" classname="regressionSuit.fpspm130_AnaliticTest" />
                <testcase name="myRightsPageTest" time="5.628" classname="regressionSuit.fpspm130_AnaliticTest" />
      
</testsuite>
