<?xml version="1.0" encoding="UTF-8"?>
<testsuite name="Test AnaliticTest"
           tests="4"
           failures="0"
           errors="0"
           skipped="0"
           time="17.295">
  <properties />
  
  
            <testcase name="manageOfAccessPageTest" time="3.016" classname="regressionSuit.fpspm130_CordinatorTest" />
                <testcase name="userTemplatePageTest" time="0.576" classname="regressionSuit.fpspm130_CordinatorTest" />
                <testcase name="reportPageTest" time="0.784" classname="regressionSuit.fpspm130_CordinatorTest" />
                <testcase name="authorizationCordinatorTest" time="12.919" classname="regressionSuit.fpspm130_CordinatorTest" />
      
</testsuite>
